<?xml version="1.0" encoding="UTF-8"?>
<!-- Generated by org.testng.reporters.JUnitReportReporter -->
<testsuite hostname="LAPTOP-E70RRGE0" failures="0" tests="3" name="runner.TestNGRunner" time="26.602" errors="0" timestamp="2026-05-05T11:34:29 IST" skipped="0">
  <testcase classname="runner.TestNGRunner" name="runScenario" time="6.192"/>
  <testcase classname="runner.TestNGRunner" name="runScenario" time="5.782"/>
  <testcase classname="runner.TestNGRunner" name="runScenario" time="14.628"/>
</testsuite> <!-- runner.TestNGRunner -->
